[debug] [2018-03-25T11:36:38.412Z] ----------------------------------------------------------------------
[debug] [2018-03-25T11:36:38.412Z] Command:       C:\Program Files\nodejs\node.exe C:\Users\Praveen\AppData\Roaming\npm\node_modules\firebase-tools\bin\firebase deploy --only functions
[debug] [2018-03-25T11:36:38.412Z] CLI Version:   3.17.7
[debug] [2018-03-25T11:36:38.412Z] Platform:      win32
[debug] [2018-03-25T11:36:38.412Z] Node Version:  v8.9.4
[debug] [2018-03-25T11:36:38.412Z] Time:          Sun Mar 25 2018 21:36:38 GMT+1000 (E. Australia Standard Time)
[debug] [2018-03-25T11:36:38.412Z] ----------------------------------------------------------------------
[debug] 
[debug] [2018-03-25T11:36:38.427Z] > command requires scopes: ["email","openid","https://www.googleapis.com/auth/cloudplatformprojects.readonly","https://www.googleapis.com/auth/firebase","https://www.googleapis.com/auth/cloud-platform"]
[debug] [2018-03-25T11:36:38.427Z] > authorizing via signed-in user
[debug] [2018-03-25T11:36:38.427Z] >>> HTTP REQUEST GET https://admin.firebase.com/v1/projects/snadomestic-c497a  
  
 Sun Mar 25 2018 21:36:38 GMT+1000 (E. Australia Standard Time)
[debug] [2018-03-25T11:36:39.383Z] <<< HTTP RESPONSE 200
[debug] [2018-03-25T11:36:39.383Z] >>> HTTP REQUEST GET https://admin.firebase.com/v1/database/snadomestic-c497a/tokens  
  
 Sun Mar 25 2018 21:36:39 GMT+1000 (E. Australia Standard Time)
[debug] [2018-03-25T11:36:40.174Z] <<< HTTP RESPONSE 200
[info] 
[info] === Deploying to 'snadomestic-c497a'...
[info] 
[info] i  deploying functions
[debug] [2018-03-25T11:36:41.193Z] > [functions] package.json contents: {
  "name": "functions",
  "description": "Cloud Functions for Firebase",
  "scripts": {
    "serve": "firebase serve --only functions",
    "shell": "firebase experimental:functions:shell",
    "start": "npm run shell",
    "deploy": "firebase deploy --only functions",
    "logs": "firebase functions:log"
  },
  "dependencies": {
    "firebase-admin": "^5.10.0",
    "firebase-functions": "^0.9.0",
    "nodemailer": "^4.6.3"
  },
  "private": true
}
[info] i  functions: ensuring necessary APIs are enabled...
[debug] [2018-03-25T11:36:41.193Z] >>> HTTP REQUEST GET https://servicemanagement.googleapis.com/v1/services/cloudfunctions.googleapis.com/projectSettings/snadomestic-c497a?view=CONSUMER_VIEW  
  
 Sun Mar 25 2018 21:36:41 GMT+1000 (E. Australia Standard Time)
[debug] [2018-03-25T11:36:41.193Z] >>> HTTP REQUEST GET https://servicemanagement.googleapis.com/v1/services/runtimeconfig.googleapis.com/projectSettings/snadomestic-c497a?view=CONSUMER_VIEW  
  
 Sun Mar 25 2018 21:36:41 GMT+1000 (E. Australia Standard Time)
[debug] [2018-03-25T11:36:42.830Z] <<< HTTP RESPONSE 200
[debug] [2018-03-25T11:36:43.040Z] <<< HTTP RESPONSE 200
[info] +  functions: all necessary APIs are enabled
[debug] [2018-03-25T11:36:43.044Z] >>> HTTP REQUEST GET https://cloudresourcemanager.googleapis.com/v1/projects/snadomestic-c497a  
  
 Sun Mar 25 2018 21:36:43 GMT+1000 (E. Australia Standard Time)
[debug] [2018-03-25T11:36:44.364Z] <<< HTTP RESPONSE 200
[debug] [2018-03-25T11:36:44.364Z] >>> HTTP REQUEST GET https://mobilesdk-pa.googleapis.com/v1/projects/196287883817:getServerAppConfig  
  
 Sun Mar 25 2018 21:36:44 GMT+1000 (E. Australia Standard Time)
[debug] [2018-03-25T11:36:45.518Z] <<< HTTP RESPONSE 200
[info] i  functions: preparing functions directory for uploading...
[debug] [2018-03-25T11:36:45.518Z] >>> HTTP REQUEST GET https://runtimeconfig.googleapis.com/v1beta1/projects/snadomestic-c497a/configs  
  
 Sun Mar 25 2018 21:36:45 GMT+1000 (E. Australia Standard Time)
[debug] [2018-03-25T11:36:46.065Z] <<< HTTP RESPONSE 200
[debug] [2018-03-25T11:36:46.065Z] >>> HTTP REQUEST GET https://runtimeconfig.googleapis.com/v1beta1/projects/snadomestic-c497a/configs/gmail/variables  
  
 Sun Mar 25 2018 21:36:46 GMT+1000 (E. Australia Standard Time)
[debug] [2018-03-25T11:36:46.456Z] <<< HTTP RESPONSE 200
[debug] [2018-03-25T11:36:46.456Z] >>> HTTP REQUEST GET https://runtimeconfig.googleapis.com/v1beta1/projects/snadomestic-c497a/configs/gmail/variables/email  
  
 Sun Mar 25 2018 21:36:46 GMT+1000 (E. Australia Standard Time)
[debug] [2018-03-25T11:36:46.456Z] >>> HTTP REQUEST GET https://runtimeconfig.googleapis.com/v1beta1/projects/snadomestic-c497a/configs/gmail/variables/password  
  
 Sun Mar 25 2018 21:36:46 GMT+1000 (E. Australia Standard Time)
[debug] [2018-03-25T11:36:46.887Z] <<< HTTP RESPONSE 200
[debug] [2018-03-25T11:36:46.903Z] <<< HTTP RESPONSE 200
[info] i  functions: packaged functions (43.33 KB) for uploading
[debug] [2018-03-25T11:36:47.489Z] >>> HTTP REQUEST POST https://cloudfunctions.googleapis.com/v1/projects/snadomestic-c497a/locations/us-central1/functions:generateUploadUrl  
  
 Sun Mar 25 2018 21:36:47 GMT+1000 (E. Australia Standard Time)
[debug] [2018-03-25T11:37:17.851Z] <<< HTTP RESPONSE 503
[debug] [2018-03-25T11:37:17.851Z] <<< HTTP RESPONSE BODY {
  "error": {
    "code": 503,
    "message": "The service is currently unavailable.",
    "status": "UNAVAILABLE"
  }
}

[debug] [2018-03-25T11:37:17.855Z] TypeError: Cannot create property 'error' on string '{
  "error": {
    "code": 503,
    "message": "The service is currently unavailable.",
    "status": "UNAVAILABLE"
  }
}
'
    at module.exports (C:\Users\Praveen\AppData\Roaming\npm\node_modules\firebase-tools\lib\responseToError.js:11:16)
    at Request._callback (C:\Users\Praveen\AppData\Roaming\npm\node_modules\firebase-tools\lib\api.js:45:25)
    at Request.self.callback (C:\Users\Praveen\AppData\Roaming\npm\node_modules\firebase-tools\node_modules\request\request.js:186:22)
    at emitTwo (events.js:126:13)
    at Request.emit (events.js:214:7)
    at Request.<anonymous> (C:\Users\Praveen\AppData\Roaming\npm\node_modules\firebase-tools\node_modules\request\request.js:1163:10)
    at emitOne (events.js:116:13)
    at Request.emit (events.js:211:7)
    at IncomingMessage.<anonymous> (C:\Users\Praveen\AppData\Roaming\npm\node_modules\firebase-tools\node_modules\request\request.js:1085:12)
    at Object.onceWrapper (events.js:313:30)
[error] 
[error] Error: An unexpected error has occurred.
